生成启动时间为 2021/6/2 18:11:41。
     1>项目“C:\Users\12323\Desktop\test11\winCalculator\winCalculator\winCalculator.vcxproj”在节点 2 上(build 个目标)。
     1>InitializeBuildStatus:
         正在创建“Debug\winCalculator.unsuccessfulbuild”，因为已指定“AlwaysCreate”。
       CustomBuild:
         所有输出均为最新。
       ClCompile:
         C:\Program Files (x86)\Microsoft Visual Studio 10.0\VC\bin\CL.exe /c /I.\GeneratedFiles /I. /IC:\Qt\4.8.6\include /I.\GeneratedFiles\Debug /IC:\Qt\4.8.6\include\QtCore /IC:\Qt\4.8.6\include\QtGui /I"D:\Program Files (x86)\Visual Leak Detector\include" /Zi /nologo /W1 /WX- /Od /Oy- /D UNICODE /D WIN32 /D QT_DLL /D QT_CORE_LIB /D QT_GUI_LIB /Gm- /EHsc /MDd /GS /fp:precise /Zc:wchar_t- /Zc:forScope /Fo"Debug\\" /Fd"Debug\vc100.pdb" /Gd /TP /analyze- /errorReport:prompt wincalculator.cpp
         wincalculator.cpp
         所有输出均为最新。
       Link:
         C:\Program Files (x86)\Microsoft Visual Studio 10.0\VC\bin\link.exe /ERRORREPORT:PROMPT /OUT:"C:\Users\12323\Desktop\test11\winCalculator\Win32\Debug\\winCalculator.exe" /NOLOGO /LIBPATH:C:\Qt\4.8.6\lib /LIBPATH:"D:\Program Files (x86)\Visual Leak Detector\lib\Win32" qtmaind.lib QtCored4.lib QtGuid4.lib kernel32.lib user32.lib gdi32.lib winspool.lib comdlg32.lib advapi32.lib shell32.lib ole32.lib oleaut32.lib uuid.lib odbc32.lib odbccp32.lib /MANIFEST /ManifestFile:"Debug\winCalculator.exe.intermediate.manifest" /MANIFESTUAC:"level='asInvoker' uiAccess='false'" /DEBUG /PDB:"C:\Users\12323\Desktop\test11\winCalculator\Win32\Debug\winCalculator.pdb" /SUBSYSTEM:WINDOWS /TLBID:1 /DYNAMICBASE /NXCOMPAT /IMPLIB:"C:\Users\12323\Desktop\test11\winCalculator\Win32\Debug\winCalculator.lib" /MACHINE:X86 Debug\moc_wincalculator.obj
         Debug\qrc_wincalculator.obj
         Debug\main.obj
         Debug\wincalculator.obj
         LINK : 没有找到 C:\Users\12323\Desktop\test11\winCalculator\Win32\Debug\\winCalculator.exe 或上一个增量链接没有生成它；正在执行完全链接
         winCalculator.vcxproj -> C:\Users\12323\Desktop\test11\winCalculator\Win32\Debug\winCalculator.exe
       Manifest:
         c:\Program Files (x86)\Microsoft SDKs\Windows\v7.0A\bin\mt.exe /nologo /verbose /outputresource:"C:\Users\12323\Desktop\test11\winCalculator\Win32\Debug\\winCalculator.exe;#1" /manifest Debug\winCalculator.exe.intermediate.manifest
       FinalizeBuildStatus:
         正在删除文件“Debug\winCalculator.unsuccessfulbuild”。
         正在对“Debug\winCalculator.lastbuildstate”执行 Touch 任务。
     1>已完成生成项目“C:\Users\12323\Desktop\test11\winCalculator\winCalculator\winCalculator.vcxproj”(build 个目标)的操作。

生成成功。

已用时间 00:00:02.43
